\BOOKMARK [0][-]{chapter.1}{Assignment}{}% 1
\BOOKMARK [1][-]{section.1.1}{Assigned class}{chapter.1}% 2
\BOOKMARK [2][-]{subsection.1.1.1}{Functional role}{section.1.1}% 3
\BOOKMARK [1][-]{section.1.2}{Assigned methods}{chapter.1}% 4
\BOOKMARK [2][-]{subsection.1.2.1}{First method: getSubjectFromSecurityCurrent}{section.1.2}% 5
\BOOKMARK [2][-]{subsection.1.2.2}{Second method: selectSecurityMechanism}{section.1.2}% 6
\BOOKMARK [2][-]{subsection.1.2.3}{Third method: useMechanism}{section.1.2}% 7
\BOOKMARK [2][-]{subsection.1.2.4}{Fourth method: evaluate\137client\137conformance\137ssl}{section.1.2}% 8
\BOOKMARK [0][-]{chapter.2}{Code Inspection Checklist}{}% 9
\BOOKMARK [1][-]{section.2.1}{Naming Conventions}{chapter.2}% 10
\BOOKMARK [1][-]{section.2.2}{Indention}{chapter.2}% 11
\BOOKMARK [1][-]{section.2.3}{Braces}{chapter.2}% 12
\BOOKMARK [1][-]{section.2.4}{File Organization}{chapter.2}% 13
\BOOKMARK [1][-]{section.2.5}{Wrapping lines}{chapter.2}% 14
\BOOKMARK [1][-]{section.2.6}{Comments}{chapter.2}% 15
\BOOKMARK [1][-]{section.2.7}{Java Source Files}{chapter.2}% 16
\BOOKMARK [1][-]{section.2.8}{Package and Import Statements}{chapter.2}% 17
\BOOKMARK [1][-]{section.2.9}{Class and Interface Declarations}{chapter.2}% 18
\BOOKMARK [1][-]{section.2.10}{Initialization and Declarations}{chapter.2}% 19
\BOOKMARK [1][-]{section.2.11}{Method Calls}{chapter.2}% 20
\BOOKMARK [1][-]{section.2.12}{Arrays}{chapter.2}% 21
\BOOKMARK [1][-]{section.2.13}{Object Comparison}{chapter.2}% 22
\BOOKMARK [1][-]{section.2.14}{Output Format}{chapter.2}% 23
\BOOKMARK [1][-]{section.2.15}{Computation, Comparison and Assignments}{chapter.2}% 24
\BOOKMARK [1][-]{section.2.16}{Exceptions}{chapter.2}% 25
\BOOKMARK [1][-]{section.2.17}{Flow of Control}{chapter.2}% 26
\BOOKMARK [1][-]{section.2.18}{Files}{chapter.2}% 27
\BOOKMARK [1][-]{section.2.19}{Other Errors}{chapter.2}% 28
\BOOKMARK [0][-]{chapter.3}{Other Info}{}% 29
\BOOKMARK [1][-]{section.3.1}{Tools}{chapter.3}% 30
\BOOKMARK [1][-]{section.3.2}{Working hours}{chapter.3}% 31
\BOOKMARK [0][-]{appendix.A}{Code Inspection Checklist}{}% 32
\BOOKMARK [0][-]{appendix.B}{A Corrected Code Version}{}% 33
