\BOOKMARK [0][-]{chapter.1}{Code Inspection Checklist}{}% 1
\BOOKMARK [1][-]{section.1.1}{Naming Conventions}{chapter.1}% 2
\BOOKMARK [1][-]{section.1.2}{Indention}{chapter.1}% 3
\BOOKMARK [1][-]{section.1.3}{Braces}{chapter.1}% 4
\BOOKMARK [1][-]{section.1.4}{File Organization}{chapter.1}% 5
\BOOKMARK [1][-]{section.1.5}{Wrapping lines}{chapter.1}% 6
\BOOKMARK [1][-]{section.1.6}{Comments}{chapter.1}% 7
\BOOKMARK [1][-]{section.1.7}{Java Source Files}{chapter.1}% 8
\BOOKMARK [1][-]{section.1.8}{Package and Import Statements}{chapter.1}% 9
\BOOKMARK [1][-]{section.1.9}{Class and Interface Declarations}{chapter.1}% 10
\BOOKMARK [1][-]{section.1.10}{Initialization and Declarations}{chapter.1}% 11
\BOOKMARK [1][-]{section.1.11}{Method Calls}{chapter.1}% 12
\BOOKMARK [1][-]{section.1.12}{Arrays}{chapter.1}% 13
\BOOKMARK [1][-]{section.1.13}{Object Comparison}{chapter.1}% 14
\BOOKMARK [1][-]{section.1.14}{Output Format}{chapter.1}% 15
\BOOKMARK [1][-]{section.1.15}{Computation, Comparison and Assignments}{chapter.1}% 16
\BOOKMARK [1][-]{section.1.16}{Exceptions}{chapter.1}% 17
\BOOKMARK [1][-]{section.1.17}{Flow of Control}{chapter.1}% 18
\BOOKMARK [1][-]{section.1.18}{Files}{chapter.1}% 19
\BOOKMARK [1][-]{section.1.19}{Other Errors}{chapter.1}% 20
