This is pdfTeX, Version 3.14159265-2.6-1.40.16 (TeX Live 2015) (preloaded format=pdflatex 2015.10.29)  4 DEC 2015 12:30
entering extended mode
 restricted \write18 enabled.
 %&-line parsing enabled.
**main.tex
(./main.tex
LaTeX2e <2015/01/01>
Babel <3.9l> and hyphenation patterns for 79 languages loaded.
(/usr/local/texlive/2015/texmf-dist/tex/latex/base/report.cls
Document Class: report 2014/09/29 v1.4h Standard LaTeX document class
(/usr/local/texlive/2015/texmf-dist/tex/latex/base/size12.clo
File: size12.clo 2014/09/29 v1.4h Standard LaTeX file (size option)
)
\c@part=\count79
\c@chapter=\count80
\c@section=\count81
\c@subsection=\count82
\c@subsubsection=\count83
\c@paragraph=\count84
\c@subparagraph=\count85
\c@figure=\count86
\c@table=\count87
\abovecaptionskip=\skip41
\belowcaptionskip=\skip42
\bibindent=\dimen102
) (./preamble.tex (/usr/local/texlive/2015/texmf-dist/tex/latex/hyperref/hyperr
ef.sty
Package: hyperref 2012/11/06 v6.83m Hypertext links for LaTeX

(/usr/local/texlive/2015/texmf-dist/tex/generic/oberdiek/hobsub-hyperref.sty
Package: hobsub-hyperref 2012/05/28 v1.13 Bundle oberdiek, subset hyperref (HO)


(/usr/local/texlive/2015/texmf-dist/tex/generic/oberdiek/hobsub-generic.sty
Package: hobsub-generic 2012/05/28 v1.13 Bundle oberdiek, subset generic (HO)
Package: hobsub 2012/05/28 v1.13 Construct package bundles (HO)
Package: infwarerr 2010/04/08 v1.3 Providing info/warning/error messages (HO)
Package: ltxcmds 2011/11/09 v1.22 LaTeX kernel commands for general use (HO)
Package: ifluatex 2010/03/01 v1.3 Provides the ifluatex switch (HO)
Package ifluatex Info: LuaTeX not detected.
Package: ifvtex 2010/03/01 v1.5 Detect VTeX and its facilities (HO)
Package ifvtex Info: VTeX not detected.
Package: intcalc 2007/09/27 v1.1 Expandable calculations with integers (HO)
Package: ifpdf 2011/01/30 v2.3 Provides the ifpdf switch (HO)
Package ifpdf Info: pdfTeX in PDF mode is detected.
Package: etexcmds 2011/02/16 v1.5 Avoid name clashes with e-TeX commands (HO)
Package etexcmds Info: Could not find \expanded.
(etexcmds)             That can mean that you are not using pdfTeX 1.50 or
(etexcmds)             that some package has redefined \expanded.
(etexcmds)             In the latter case, load this package earlier.
Package: kvsetkeys 2012/04/25 v1.16 Key value parser (HO)
Package: kvdefinekeys 2011/04/07 v1.3 Define keys (HO)
Package: pdftexcmds 2011/11/29 v0.20 Utility functions of pdfTeX for LuaTeX (HO
)
Package pdftexcmds Info: LuaTeX not detected.
Package pdftexcmds Info: \pdf@primitive is available.
Package pdftexcmds Info: \pdf@ifprimitive is available.
Package pdftexcmds Info: \pdfdraftmode found.
Package: pdfescape 2011/11/25 v1.13 Implements pdfTeX's escape features (HO)
Package: bigintcalc 2012/04/08 v1.3 Expandable calculations on big integers (HO
)
Package: bitset 2011/01/30 v1.1 Handle bit-vector datatype (HO)
Package: uniquecounter 2011/01/30 v1.2 Provide unlimited unique counter (HO)
)
Package hobsub Info: Skipping package `hobsub' (already loaded).
Package: letltxmacro 2010/09/02 v1.4 Let assignment for LaTeX macros (HO)
Package: hopatch 2012/05/28 v1.2 Wrapper for package hooks (HO)
Package: xcolor-patch 2011/01/30 xcolor patch
Package: atveryend 2011/06/30 v1.8 Hooks at the very end of document (HO)
Package atveryend Info: \enddocument detected (standard20110627).
Package: atbegshi 2011/10/05 v1.16 At begin shipout hook (HO)
Package: refcount 2011/10/16 v3.4 Data extraction from label references (HO)
Package: hycolor 2011/01/30 v1.7 Color options for hyperref/bookmark (HO)
)
(/usr/local/texlive/2015/texmf-dist/tex/latex/graphics/keyval.sty
Package: keyval 2014/10/28 v1.15 key=value parser (DPC)
\KV@toks@=\toks14
)
(/usr/local/texlive/2015/texmf-dist/tex/generic/ifxetex/ifxetex.sty
Package: ifxetex 2010/09/12 v0.6 Provides ifxetex conditional
)
(/usr/local/texlive/2015/texmf-dist/tex/latex/oberdiek/auxhook.sty
Package: auxhook 2011/03/04 v1.3 Hooks for auxiliary files (HO)
)
(/usr/local/texlive/2015/texmf-dist/tex/latex/oberdiek/kvoptions.sty
Package: kvoptions 2011/06/30 v3.11 Key value format for package options (HO)
)
\@linkdim=\dimen103
\Hy@linkcounter=\count88
\Hy@pagecounter=\count89

(/usr/local/texlive/2015/texmf-dist/tex/latex/hyperref/pd1enc.def
File: pd1enc.def 2012/11/06 v6.83m Hyperref: PDFDocEncoding definition (HO)
)
\Hy@SavedSpaceFactor=\count90

(/usr/local/texlive/2015/texmf-dist/tex/latex/latexconfig/hyperref.cfg
File: hyperref.cfg 2002/06/06 v1.2 hyperref configuration of TeXLive
)
Package hyperref Info: Hyper figures OFF on input line 4443.
Package hyperref Info: Link nesting OFF on input line 4448.
Package hyperref Info: Hyper index ON on input line 4451.
Package hyperref Info: Plain pages OFF on input line 4458.
Package hyperref Info: Backreferencing OFF on input line 4463.
Package hyperref Info: Implicit mode ON; LaTeX internals redefined.
Package hyperref Info: Bookmarks ON on input line 4688.
\c@Hy@tempcnt=\count91

(/usr/local/texlive/2015/texmf-dist/tex/latex/url/url.sty
\Urlmuskip=\muskip10
Package: url 2013/09/16  ver 3.4  Verb mode for urls, etc.
)
LaTeX Info: Redefining \url on input line 5041.
\XeTeXLinkMargin=\dimen104
\Fld@menulength=\count92
\Field@Width=\dimen105
\Fld@charsize=\dimen106
Package hyperref Info: Hyper figures OFF on input line 6295.
Package hyperref Info: Link nesting OFF on input line 6300.
Package hyperref Info: Hyper index ON on input line 6303.
Package hyperref Info: backreferencing OFF on input line 6310.
Package hyperref Info: Link coloring OFF on input line 6315.
Package hyperref Info: Link coloring with OCG OFF on input line 6320.
Package hyperref Info: PDF/A mode OFF on input line 6325.
LaTeX Info: Redefining \ref on input line 6365.
LaTeX Info: Redefining \pageref on input line 6369.
\Hy@abspage=\count93
\c@Item=\count94
\c@Hfootnote=\count95
)

Package hyperref Message: Driver: hpdftex.

(/usr/local/texlive/2015/texmf-dist/tex/latex/hyperref/hpdftex.def
File: hpdftex.def 2012/11/06 v6.83m Hyperref driver for pdfTeX
\Fld@listcount=\count96
\c@bookmark@seq@number=\count97

(/usr/local/texlive/2015/texmf-dist/tex/latex/oberdiek/rerunfilecheck.sty
Package: rerunfilecheck 2011/04/15 v1.7 Rerun checks for auxiliary files (HO)
Package uniquecounter Info: New unique counter `rerunfilecheck' on input line 2
82.
)
\Hy@SectionHShift=\skip43
)
Package hyperref Info: Option `breaklinks' set `true' on input line 11.

(/usr/local/texlive/2015/texmf-dist/tex/latex/hyperref/nameref.sty
Package: nameref 2012/10/27 v2.43 Cross-referencing by name of section

(/usr/local/texlive/2015/texmf-dist/tex/generic/oberdiek/gettitlestring.sty
Package: gettitlestring 2010/12/03 v1.4 Cleanup title references (HO)
)
\c@section@level=\count98
)
(/usr/local/texlive/2015/texmf-dist/tex/latex/caption/caption.sty
Package: caption 2013/05/02 v3.3-89 Customizing captions (AR)

(/usr/local/texlive/2015/texmf-dist/tex/latex/caption/caption3.sty
Package: caption3 2013/05/02 v1.6-88 caption3 kernel (AR)
Package caption3 Info: TeX engine: e-TeX on input line 57.
\captionmargin=\dimen107
\captionmargin@=\dimen108
\captionwidth=\dimen109
\caption@tempdima=\dimen110
\caption@indent=\dimen111
\caption@parindent=\dimen112
\caption@hangindent=\dimen113
)
\c@ContinuedFloat=\count99
Package caption Info: hyperref package is loaded.
)
(/usr/local/texlive/2015/texmf-dist/tex/latex/geometry/geometry.sty
Package: geometry 2010/09/12 v5.6 Page Geometry
\Gm@cnth=\count100
\Gm@cntv=\count101
\c@Gm@tempcnt=\count102
\Gm@bindingoffset=\dimen114
\Gm@wd@mp=\dimen115
\Gm@odd@mp=\dimen116
\Gm@even@mp=\dimen117
\Gm@layoutwidth=\dimen118
\Gm@layoutheight=\dimen119
\Gm@layouthoffset=\dimen120
\Gm@layoutvoffset=\dimen121
\Gm@dimlist=\toks15
)
(/usr/local/texlive/2015/texmf-dist/tex/latex/graphics/graphicx.sty
Package: graphicx 2014/10/28 v1.0g Enhanced LaTeX Graphics (DPC,SPQR)

(/usr/local/texlive/2015/texmf-dist/tex/latex/graphics/graphics.sty
Package: graphics 2014/10/28 v1.0p Standard LaTeX Graphics (DPC,SPQR)

(/usr/local/texlive/2015/texmf-dist/tex/latex/graphics/trig.sty
Package: trig 1999/03/16 v1.09 sin cos tan (DPC)
)
(/usr/local/texlive/2015/texmf-dist/tex/latex/latexconfig/graphics.cfg
File: graphics.cfg 2010/04/23 v1.9 graphics configuration of TeX Live
)
Package graphics Info: Driver file: pdftex.def on input line 94.

(/usr/local/texlive/2015/texmf-dist/tex/latex/pdftex-def/pdftex.def
File: pdftex.def 2011/05/27 v0.06d Graphics/color for pdfTeX
\Gread@gobject=\count103
))
\Gin@req@height=\dimen122
\Gin@req@width=\dimen123
)
(/usr/local/texlive/2015/texmf-dist/tex/generic/babel/babel.sty
Package: babel 2014/09/25 3.9l The Babel package

(/usr/local/texlive/2015/texmf-dist/tex/generic/babel-english/english.ldf
Language: english 2012/08/20 v3.3p English support from the babel system

(/usr/local/texlive/2015/texmf-dist/tex/generic/babel/babel.def
File: babel.def 2014/09/25 3.9l Babel common definitions
\babel@savecnt=\count104
\U@D=\dimen124
)
\l@canadian = a dialect from \language\l@american 
\l@australian = a dialect from \language\l@british 
\l@newzealand = a dialect from \language\l@british 
))
(/usr/local/texlive/2015/texmf-dist/tex/latex/acronym/acronym.sty
Package: acronym 2015/03/21 v1.41 Support for acronyms (Tobias Oetiker)

(/usr/local/texlive/2015/texmf-dist/tex/latex/bigfoot/suffix.sty
Package: suffix 2006/07/15 1.5a Variant command support
)
(/usr/local/texlive/2015/texmf-dist/tex/generic/xstring/xstring.sty
(/usr/local/texlive/2015/texmf-dist/tex/generic/xstring/xstring.tex
\@xs@message=\write3
\integerpart=\count105
\decimalpart=\count106
)
Package: xstring 2013/10/13  v1.7c  String manipulations (C Tellechea)
)
\AC@clearlist=\toks16
)
(/usr/local/texlive/2015/texmf-dist/tex/latex/base/fontenc.sty
Package: fontenc 2005/09/27 v1.99g Standard LaTeX package

(/usr/local/texlive/2015/texmf-dist/tex/latex/base/t1enc.def
File: t1enc.def 2005/09/27 v1.99g Standard LaTeX file
LaTeX Font Info:    Redeclaring font encoding T1 on input line 48.
))
(/usr/local/texlive/2015/texmf-dist/tex/latex/base/inputenc.sty
Package: inputenc 2015/03/17 v1.2c Input encoding file
\inpenc@prehook=\toks17
\inpenc@posthook=\toks18

(/usr/local/texlive/2015/texmf-dist/tex/latex/base/latin1.def
File: latin1.def 2015/03/17 v1.2c Input encoding file
))
(/usr/local/texlive/2015/texmf-dist/tex/latex/tools/indentfirst.sty
Package: indentfirst 1995/11/23 v1.03 Indent first paragraph (DPC)
)
(/usr/local/texlive/2015/texmf-dist/tex/latex/float/float.sty
Package: float 2001/11/08 v1.3d Float enhancements (AL)
\c@float@type=\count107
\float@exts=\toks19
\float@box=\box26
\@float@everytoks=\toks20
\@floatcapt=\box27
)
(/usr/local/texlive/2015/texmf-dist/tex/latex/wrapfig/wrapfig.sty
\wrapoverhang=\dimen125
\WF@size=\dimen126
\c@WF@wrappedlines=\count108
\WF@box=\box28
\WF@everypar=\toks21
Package: wrapfig 2003/01/31  v 3.6
)
(/usr/local/texlive/2015/texmf-dist/tex/latex/lipsum/lipsum.sty
Package: lipsum 2014/07/27 v1.3 150 paragraphs of Lorem Ipsum dummy text
\c@lips@count=\count109
)
(/usr/local/texlive/2015/texmf-dist/tex/latex/fancyvrb/fancyvrb.sty
Package: fancyvrb 2008/02/07

Style option: `fancyvrb' v2.7a, with DG/SPQR fixes, and firstline=lastline fix 
<2008/02/07> (tvz)
\FV@CodeLineNo=\count110
\FV@InFile=\read1
\FV@TabBox=\box29
\c@FancyVerbLine=\count111
\FV@StepNumber=\count112
\FV@OutFile=\write4
)
(/usr/local/texlive/2015/texmf-dist/tex/latex/fancyhdr/fancyhdr.sty
\fancy@headwidth=\skip44
\f@ncyO@elh=\skip45
\f@ncyO@erh=\skip46
\f@ncyO@olh=\skip47
\f@ncyO@orh=\skip48
\f@ncyO@elf=\skip49
\f@ncyO@erf=\skip50
\f@ncyO@olf=\skip51
\f@ncyO@orf=\skip52
)
(/usr/local/texlive/2015/texmf-dist/tex/latex/lastpage/lastpage.sty
Package: lastpage 2015/03/29 v1.2m Refers to last page's name (HMM; JPG)
)
(/usr/local/texlive/2015/texmf-dist/tex/latex/xcolor/xcolor.sty
Package: xcolor 2007/01/21 v2.11 LaTeX color extensions (UK)

(/usr/local/texlive/2015/texmf-dist/tex/latex/latexconfig/color.cfg
File: color.cfg 2007/01/18 v1.5 color configuration of teTeX/TeXLive
)
Package xcolor Info: Package option `usenames' ignored on input line 216.
Package xcolor Info: Driver file: pdftex.def on input line 225.
Package xcolor Info: Model `cmy' substituted by `cmy0' on input line 1337.
Package xcolor Info: Model `hsb' substituted by `rgb' on input line 1341.
Package xcolor Info: Model `RGB' extended on input line 1353.
Package xcolor Info: Model `HTML' substituted by `rgb' on input line 1355.
Package xcolor Info: Model `Hsb' substituted by `hsb' on input line 1356.
Package xcolor Info: Model `tHsb' substituted by `hsb' on input line 1357.
Package xcolor Info: Model `HSB' substituted by `hsb' on input line 1358.
Package xcolor Info: Model `Gray' substituted by `gray' on input line 1359.
Package xcolor Info: Model `wave' substituted by `hsb' on input line 1360.
)
(/usr/local/texlive/2015/texmf-dist/tex/latex/tools/verbatim.sty
Package: verbatim 2014/10/28 v1.5q LaTeX2e package for verbatim enhancements
\every@verbatim=\toks22
\verbatim@line=\toks23
\verbatim@in@stream=\read2
)
(/usr/local/texlive/2015/texmf-dist/tex/latex/listings/listings.sty
\lst@mode=\count113
\lst@gtempboxa=\box30
\lst@token=\toks24
\lst@length=\count114
\lst@currlwidth=\dimen127
\lst@column=\count115
\lst@pos=\count116
\lst@lostspace=\dimen128
\lst@width=\dimen129
\lst@newlines=\count117
\lst@lineno=\count118
\lst@maxwidth=\dimen130

(/usr/local/texlive/2015/texmf-dist/tex/latex/listings/lstmisc.sty
File: lstmisc.sty 2014/09/06 1.5e (Carsten Heinz)
\c@lstnumber=\count119
\lst@skipnumbers=\count120
\lst@framebox=\box31
)
(/usr/local/texlive/2015/texmf-dist/tex/latex/listings/listings.cfg
File: listings.cfg 2014/09/06 1.5e listings configuration
))
Package: listings 2014/09/06 1.5e (Carsten Heinz)

(/usr/local/texlive/2015/texmf-dist/tex/latex/enumitem/enumitem.sty
Package: enumitem 2011/09/28 v3.5.2 Customized lists
\labelindent=\skip53
\enit@outerparindent=\dimen131
\enit@toks=\toks25
\enit@inbox=\box32
\enitdp@description=\count121
)
(/usr/local/texlive/2015/texmf-dist/tex/latex/psnfss/helvet.sty
Package: helvet 2005/04/12 PSNFSS-v9.2a (WaS) 
)
(/usr/local/texlive/2015/texmf-dist/tex/latex/psnfss/courier.sty
Package: courier 2005/04/12 PSNFSS-v9.2a (WaS) 
)
LaTeX Font Info:    Try loading font information for T1+ppl on input line 83.

(/usr/local/texlive/2015/texmf-dist/tex/latex/psnfss/t1ppl.fd
File: t1ppl.fd 2001/06/04 font definitions for T1/ppl.
)
(/usr/local/texlive/2015/texmf-dist/tex/latex/subfiles/subfiles.sty
Package: subfiles 2012/05/23 Federico Garcia
)
(/usr/local/texlive/2015/texmf-dist/tex/latex/tools/xr.sty
Package: xr 1994/05/28 v5.02 eXternal References (DPC)
)
(/usr/local/texlive/2015/texmf-dist/tex/latex/glossaries/base/glossaries.sty
Package: glossaries 2015/03/16 v4.15 (NLCT)

(/usr/local/texlive/2015/texmf-dist/tex/latex/base/ifthen.sty
Package: ifthen 2014/09/29 v1.1c Standard LaTeX ifthen package (DPC)
)
(/usr/local/texlive/2015/texmf-dist/tex/latex/xkeyval/xkeyval.sty
Package: xkeyval 2014/12/03 v2.7a package option processing (HA)

(/usr/local/texlive/2015/texmf-dist/tex/generic/xkeyval/xkeyval.tex
(/usr/local/texlive/2015/texmf-dist/tex/generic/xkeyval/xkvutils.tex
\XKV@toks=\toks26
\XKV@tempa@toks=\toks27
)
\XKV@depth=\count122
File: xkeyval.tex 2014/12/03 v2.7a key=value parser (HA)
))
(/usr/local/texlive/2015/texmf-dist/tex/latex/glossaries/base/mfirstuc.sty
Package: mfirstuc 2015/02/03 v1.10 (NLCT)

(/usr/local/texlive/2015/texmf-dist/tex/latex/etoolbox/etoolbox.sty
Package: etoolbox 2015/05/04 v2.2 e-TeX tools for LaTeX (JAW)
\etb@tempcnta=\count123
)
\@glsmfirst=\toks28
\@glsmrest=\toks29
)
(/usr/local/texlive/2015/texmf-dist/tex/latex/textcase/textcase.sty
Package: textcase 2004/10/07 v0.07 Text only upper/lower case changing (DPC)
)
(/usr/local/texlive/2015/texmf-dist/tex/latex/xfor/xfor.sty
Package: xfor 2009/02/05 v1.05 (NLCT)
)
(/usr/local/texlive/2015/texmf-dist/tex/latex/datatool/datatool-base.sty
Package: datatool-base 2014/06/10 v2.22 (NLCT)

(/usr/local/texlive/2015/texmf-dist/tex/latex/amsmath/amsmath.sty
Package: amsmath 2013/01/14 v2.14 AMS math features
\@mathmargin=\skip54

For additional information on amsmath, use the `?' option.
(/usr/local/texlive/2015/texmf-dist/tex/latex/amsmath/amstext.sty
Package: amstext 2000/06/29 v2.01

(/usr/local/texlive/2015/texmf-dist/tex/latex/amsmath/amsgen.sty
File: amsgen.sty 1999/11/30 v2.0
\@emptytoks=\toks30
\ex@=\dimen132
))
(/usr/local/texlive/2015/texmf-dist/tex/latex/amsmath/amsbsy.sty
Package: amsbsy 1999/11/29 v1.2d
\pmbraise@=\dimen133
)
(/usr/local/texlive/2015/texmf-dist/tex/latex/amsmath/amsopn.sty
Package: amsopn 1999/12/14 v2.01 operator names
)
\inf@bad=\count124
LaTeX Info: Redefining \frac on input line 210.
\uproot@=\count125
\leftroot@=\count126
LaTeX Info: Redefining \overline on input line 306.
\classnum@=\count127
\DOTSCASE@=\count128
LaTeX Info: Redefining \ldots on input line 378.
LaTeX Info: Redefining \dots on input line 381.
LaTeX Info: Redefining \cdots on input line 466.
\Mathstrutbox@=\box33
\strutbox@=\box34
\big@size=\dimen134
LaTeX Font Info:    Redeclaring font encoding OML on input line 566.
LaTeX Font Info:    Redeclaring font encoding OMS on input line 567.
\macc@depth=\count129
\c@MaxMatrixCols=\count130
\dotsspace@=\muskip11
\c@parentequation=\count131
\dspbrk@lvl=\count132
\tag@help=\toks31
\row@=\count133
\column@=\count134
\maxfields@=\count135
\andhelp@=\toks32
\eqnshift@=\dimen135
\alignsep@=\dimen136
\tagshift@=\dimen137
\tagwidth@=\dimen138
\totwidth@=\dimen139
\lineht@=\dimen140
\@envbody=\toks33
\multlinegap=\skip55
\multlinetaggap=\skip56
\mathdisplay@stack=\toks34
LaTeX Info: Redefining \[ on input line 2665.
LaTeX Info: Redefining \] on input line 2666.
)
(/usr/local/texlive/2015/texmf-dist/tex/latex/substr/substr.sty
Package: substr 2009/10/20 v1.2 Handle substrings
\c@su@anzahl=\count136
)
(/usr/local/texlive/2015/texmf-dist/tex/latex/datatool/datatool-fp.sty
Package: datatool-fp 2013/08/29 v2.17 (NLCT)

(/usr/local/texlive/2015/texmf-dist/tex/latex/fp/fp.sty
Package: fp 1995/04/02

`Fixed Point Package', Version 0.8, April 2, 1995 (C) Michael Mehlich
(/usr/local/texlive/2015/texmf-dist/tex/latex/fp/defpattern.sty
Package: defpattern 1994/10/12
\actioncount=\count137
)
(/usr/local/texlive/2015/texmf-dist/tex/latex/fp/fp-basic.sty
Package: fp-basic 1996/05/13
\FP@xs=\count138
\FP@xia=\count139
\FP@xib=\count140
\FP@xfa=\count141
\FP@xfb=\count142
\FP@rega=\count143
\FP@regb=\count144
\FP@regs=\count145
\FP@times=\count146
)
(/usr/local/texlive/2015/texmf-dist/tex/latex/fp/fp-addons.sty
Package: fp-addons 1995/03/15
)
(/usr/local/texlive/2015/texmf-dist/tex/latex/fp/fp-snap.sty
Package: fp-snap 1995/04/05
)
(/usr/local/texlive/2015/texmf-dist/tex/latex/fp/fp-exp.sty
Package: fp-exp 1995/04/03
)
(/usr/local/texlive/2015/texmf-dist/tex/latex/fp/fp-trigo.sty
Package: fp-trigo 1995/04/14
)
(/usr/local/texlive/2015/texmf-dist/tex/latex/fp/fp-pas.sty
Package: fp-pas 1994/08/29
)
(/usr/local/texlive/2015/texmf-dist/tex/latex/fp/fp-random.sty
Package: fp-random 1995/02/23
\FPseed=\count147
)
(/usr/local/texlive/2015/texmf-dist/tex/latex/fp/fp-eqn.sty
Package: fp-eqn 1995/04/03
)
(/usr/local/texlive/2015/texmf-dist/tex/latex/fp/fp-upn.sty
Package: fp-upn 1996/10/21
)
(/usr/local/texlive/2015/texmf-dist/tex/latex/fp/fp-eval.sty
Package: fp-eval 1995/04/03
)))
\@dtl@toks=\toks35
\@dtl@tmpcount=\count148
\dtl@tmplength=\skip57
\dtl@sortresult=\count149
\@dtl@numgrpsepcount=\count150
\@dtl@datatype=\count151
\dtl@codeA=\count152
\dtl@codeB=\count153
\@dtl@foreach@level=\count154
)
(/usr/local/texlive/2015/texmf-dist/tex/latex/glossaries/base/glossaries-compat
ible-307.sty
Package: glossaries-compatible-307 2013/11/14 v4.0 (NLCT)
)
(/usr/local/texlive/2015/texmf-dist/tex/latex/tracklang/tracklang.sty
Package: tracklang 2015/03/23 v1.2 (NLCT) Track Languages

(/usr/local/texlive/2015/texmf-dist/tex/generic/tracklang/tracklang.tex))
(/usr/local/texlive/2015/texmf-dist/tex/latex/beamer/translator/translator.sty
Package: translator 2010/06/12 ver 1.10

(/usr/local/texlive/2015/texmf-dist/tex/latex/beamer/translator/translator-lang
uage-mappings.tex))
(/usr/local/texlive/2015/texmf-dist/tex/latex/glossaries-english/glossaries-eng
lish.ldf
File: glossaries-english.ldf 2014/11/23 v1.0
)
\gls@level=\count155
\@gls@tmpb=\toks36
\gls@tmplen=\skip58
\glskeylisttok=\toks37
\glslabeltok=\toks38
\glsshorttok=\toks39
\glslongtok=\toks40

(/usr/local/texlive/2015/texmf-dist/tex/latex/glossaries/styles/glossary-hypern
av.sty
Package: glossary-hypernav 2013/11/14 v4.0 (NLCT)
)
(/usr/local/texlive/2015/texmf-dist/tex/latex/glossaries/styles/glossary-list.s
ty
Package: glossary-list 2015/02/03 v4.13 (NLCT)
\glslistdottedwidth=\skip59
)
(/usr/local/texlive/2015/texmf-dist/tex/latex/glossaries/styles/glossary-long.s
ty
Package: glossary-long 2013/11/14 v4.0 (NLCT)
 (/usr/local/texlive/2015/texmf-dist/tex/latex/tools/longtable.sty
Package: longtable 2014/10/28 v4.11 Multi-page Table package (DPC)
\LTleft=\skip60
\LTright=\skip61
\LTpre=\skip62
\LTpost=\skip63
\LTchunksize=\count156
\LTcapwidth=\dimen141
\LT@head=\box35
\LT@firsthead=\box36
\LT@foot=\box37
\LT@lastfoot=\box38
\LT@cols=\count157
\LT@rows=\count158
\c@LT@tables=\count159
\c@LT@chunks=\count160
\LT@p@ftn=\toks41
)
\glsdescwidth=\skip64
\glspagelistwidth=\skip65
)
(/usr/local/texlive/2015/texmf-dist/tex/latex/glossaries/styles/glossary-super.
sty
Package: glossary-super 2013/11/14 v4.0 (NLCT)
 (/usr/local/texlive/2015/texmf-dist/tex/latex/supertabular/supertabular.sty
Package: supertabular 2004/02/20 v4.1e the supertabular environment
\c@tracingst=\count161
\ST@wd=\dimen142
\ST@rightskip=\skip66
\ST@leftskip=\skip67
\ST@parfillskip=\skip68
\ST@pageleft=\dimen143
\ST@headht=\dimen144
\ST@tailht=\dimen145
\ST@pagesofar=\dimen146
\ST@pboxht=\dimen147
\ST@lineht=\dimen148
\ST@stretchht=\dimen149
\ST@prevht=\dimen150
\ST@toadd=\dimen151
\ST@dimen=\dimen152
\ST@pbox=\box39
))
(/usr/local/texlive/2015/texmf-dist/tex/latex/glossaries/styles/glossary-tree.s
ty
Package: glossary-tree 2015/02/03 v4.13 (NLCT)
\glstreeindent=\skip69
))
\glswrite=\write5
\glo@main@file=\write6
\openout6 = `main.glo'.

Package glossaries Info: Writing glossary file main.glo on input line 124.
)
Package xr Info: IMPORTING LABELS FROM ./../RASD/chapters/requirements.aux on i
nput line 24.
 (./main.aux)
\openout1 = `main.aux'.

LaTeX Font Info:    Checking defaults for OML/cmm/m/it on input line 26.
LaTeX Font Info:    ... okay on input line 26.
LaTeX Font Info:    Checking defaults for T1/cmr/m/n on input line 26.
LaTeX Font Info:    ... okay on input line 26.
LaTeX Font Info:    Checking defaults for OT1/cmr/m/n on input line 26.
LaTeX Font Info:    ... okay on input line 26.
LaTeX Font Info:    Checking defaults for OMS/cmsy/m/n on input line 26.
LaTeX Font Info:    ... okay on input line 26.
LaTeX Font Info:    Checking defaults for OMX/cmex/m/n on input line 26.
LaTeX Font Info:    ... okay on input line 26.
LaTeX Font Info:    Checking defaults for U/cmr/m/n on input line 26.
LaTeX Font Info:    ... okay on input line 26.
LaTeX Font Info:    Checking defaults for PD1/pdf/m/n on input line 26.
LaTeX Font Info:    ... okay on input line 26.
\AtBeginShipoutBox=\box40
Package hyperref Info: Link coloring OFF on input line 26.
LaTeX Info: Redefining \ref on input line 26.
LaTeX Info: Redefining \pageref on input line 26.
LaTeX Info: Redefining \nameref on input line 26.
 (./main.out) (./main.out)
\@outlinefile=\write7
\openout7 = `main.out'.

Package caption Info: Begin \AtBeginDocument code.
Package caption Info: float package is loaded.
Package caption Info: listings package is loaded.
Package caption Info: longtable package is loaded.

(/usr/local/texlive/2015/texmf-dist/tex/latex/caption/ltcaption.sty
Package: ltcaption 2013/02/03 v1.3-62 longtable captions (AR)
)
Package caption Info: supertabular package is loaded.
Package caption Info: wrapfig package is loaded.
Package caption Info: End \AtBeginDocument code.

*geometry* driver: auto-detecting
*geometry* detected driver: pdftex
*geometry* verbose mode - [ preamble ] result:
* driver: pdftex
* paper: a4paper
* layout: <same size as paper>
* layoutoffset:(h,v)=(0.0pt,0.0pt)
* modes: 
* h-part:(L,W,R)=(89.62709pt, 418.25368pt, 89.6271pt)
* v-part:(T,H,B)=(101.40665pt, 591.5302pt, 152.11pt)
* \paperwidth=597.50787pt
* \paperheight=845.04684pt
* \textwidth=418.25368pt
* \textheight=591.5302pt
* \oddsidemargin=17.3571pt
* \evensidemargin=17.3571pt
* \topmargin=-7.86334pt
* \headheight=12.0pt
* \headsep=25.0pt
* \topskip=12.0pt
* \footskip=30.0pt
* \marginparwidth=44.0pt
* \marginparsep=10.0pt
* \columnsep=10.0pt
* \skip\footins=10.8pt plus 4.0pt minus 2.0pt
* \hoffset=0.0pt
* \voffset=0.0pt
* \mag=1000
* \@twocolumnfalse
* \@twosidefalse
* \@mparswitchfalse
* \@reversemarginfalse
* (1in=72.27pt=25.4mm, 1cm=28.453pt)

(/usr/local/texlive/2015/texmf-dist/tex/context/base/supp-pdf.mkii
[Loading MPS to PDF converter (version 2006.09.02).]
\scratchcounter=\count162
\scratchdimen=\dimen153
\scratchbox=\box41
\nofMPsegments=\count163
\nofMParguments=\count164
\everyMPshowfont=\toks42
\MPscratchCnt=\count165
\MPscratchDim=\dimen154
\MPnumerator=\count166
\makeMPintoPDFobject=\count167
\everyMPtoPDFconversion=\toks43
) (/usr/local/texlive/2015/texmf-dist/tex/latex/oberdiek/epstopdf-base.sty
Package: epstopdf-base 2010/02/09 v2.5 Base part for package epstopdf

(/usr/local/texlive/2015/texmf-dist/tex/latex/oberdiek/grfext.sty
Package: grfext 2010/08/19 v1.1 Manage graphics extensions (HO)
)
Package grfext Info: Graphics extension search list:
(grfext)             [.png,.pdf,.jpg,.mps,.jpeg,.jbig2,.jb2,.PNG,.PDF,.JPG,.JPE
G,.JBIG2,.JB2,.eps]
(grfext)             \AppendGraphicsExtensions on input line 452.

(/usr/local/texlive/2015/texmf-dist/tex/latex/latexconfig/epstopdf-sys.cfg
File: epstopdf-sys.cfg 2010/07/13 v1.3 Configuration of (r)epstopdf for TeX Liv
e
))
Package lastpage Info: Please have a look at the pageslts package at
(lastpage)             https://www.ctan.org/pkg/pageslts
(lastpage)             ! on input line 26.
\c@lstlisting=\count168
LaTeX Font Info:    Font shape `T1/ppl/bx/n' in size <24.88> not available
(Font)              Font shape `T1/ppl/b/n' tried instead on input line 42.
LaTeX Font Info:    Try loading font information for T1+phv on input line 43.

(/usr/local/texlive/2015/texmf-dist/tex/latex/psnfss/t1phv.fd
File: t1phv.fd 2001/06/04 scalable font definitions for T1/phv.
)
LaTeX Font Info:    Font shape `T1/phv/m/n' will be
(Font)              scaled to size 11.39996pt on input line 43.
LaTeX Font Info:    Font shape `T1/phv/m/n' will be
(Font)              scaled to size 16.41594pt on input line 43.
LaTeX Font Info:    Font shape `T1/phv/m/n' will be
(Font)              scaled to size 13.67995pt on input line 44.

<Figures/PoliMi.pdf, id=188, 578.20877pt x 578.08434pt>
File: Figures/PoliMi.pdf Graphic file (type pdf)

<use Figures/PoliMi.pdf>
Package pdftex.def Info: Figures/PoliMi.pdf used on input line 48.
(pdftex.def)             Requested size: 85.35826pt x 85.33286pt.
LaTeX Font Info:    Font shape `T1/ppl/bx/n' in size <17.28> not available
(Font)              Font shape `T1/ppl/b/n' tried instead on input line 53.
 <Figures/logo3.png, id=189, 124.465pt x 244.915pt>
File: Figures/logo3.png Graphic file (type png)

<use Figures/logo3.png>
Package pdftex.def Info: Figures/logo3.png used on input line 58.
(pdftex.def)             Requested size: 56.9055pt x 111.97836pt.
 [1

\openout5 = `main.ist'.


{/usr/local/texlive/2015/texmf-var/fonts/map/pdftex/updmap/pdftex.map} <./Figur
es/PoliMi.pdf> <./Figures/logo3.png>] (./main.toc
LaTeX Font Info:    Font shape `T1/ppl/bx/n' in size <12> not available
(Font)              Font shape `T1/ppl/b/n' tried instead on input line 3.

[1


])
\tf@toc=\write8
\openout8 = `main.toc'.

 [2] (./main.lof [3

])
\tf@lof=\write9
\openout9 = `main.lof'.

 [4] (./Chapters/chapter1_Introduction.tex
Chapter 1.

Underfull \hbox (badness 10000) in paragraph at lines 16--19

 []


Underfull \hbox (badness 10000) in paragraph at lines 21--32

 []


Underfull \hbox (badness 10000) in paragraph at lines 21--32

 []


Underfull \hbox (badness 10000) in paragraph at lines 21--32

 []


Underfull \hbox (badness 10000) in paragraph at lines 21--32

 []


Underfull \hbox (badness 10000) in paragraph at lines 21--32

 []

pdfTeX warning (ext4): destination with the same identifier (name{page.1}) has 
been already used, duplicate ignored
<to be read again> 
                   \relax 
l.32 
      [1


] (./main.gls [2])
Overfull \hbox (0.99423pt too wide) in paragraph at lines 38--45
[]\T1/ppl/m/n/12 The []chap-ter 2[][], called Ar-chi-tec-tural De-sign, de-scri
bes all ar-chi-tec-tural choices.
 []


Underfull \hbox (badness 10000) in paragraph at lines 38--45

 []


Underfull \hbox (badness 10000) in paragraph at lines 38--45

 []


Underfull \hbox (badness 10000) in paragraph at lines 38--45

 []

) (./Chapters/chapter2_ArchitecturalDesign.tex [3]
Chapter 2.

Underfull \hbox (badness 10000) in paragraph at lines 24--34

 []


Underfull \hbox (badness 10000) in paragraph at lines 24--34

 []


Underfull \hbox (badness 10000) in paragraph at lines 24--34

 []

[4

] <Figures/main_architecture.png, id=390, 666.49pt x 655.44875pt>
File: Figures/main_architecture.png Graphic file (type png)

<use Figures/main_architecture.png>
Package pdftex.def Info: Figures/main_architecture.png used on input line 43.
(pdftex.def)             Requested size: 284.52756pt x 279.8172pt.
 [5]
Underfull \hbox (badness 10000) in paragraph at lines 48--60

 []


Underfull \hbox (badness 10000) in paragraph at lines 48--60

 []


Underfull \hbox (badness 10000) in paragraph at lines 48--60

 []


Underfull \hbox (badness 10000) in paragraph at lines 48--60

 []

[6 <./Figures/main_architecture.png>] [7]
LaTeX Font Info:    Font shape `T1/ppl/bx/n' in size <14.4> not available
(Font)              Font shape `T1/ppl/b/n' tried instead on input line 65.

Underfull \hbox (badness 10000) in paragraph at lines 68--72

 []

LaTeX Font Info:    Try loading font information for OMS+ppl on input line 72.
(/usr/local/texlive/2015/texmf-dist/tex/latex/psnfss/omsppl.fd
File: omsppl.fd 
)
LaTeX Font Info:    Font shape `OMS/ppl/m/n' in size <12> not available
(Font)              Font shape `OMS/cmsy/m/n' tried instead on input line 72.
 [8]
<Figures/DataTier.png, id=422, 1210.5225pt x 623.32875pt>
File: Figures/DataTier.png Graphic file (type png)

<use Figures/DataTier.png>
Package pdftex.def Info: Figures/DataTier.png used on input line 106.
(pdftex.def)             Requested size: 633.78513pt x 326.34892pt.


LaTeX Warning: Float too large for page by 67.25493pt on input line 109.


LaTeX Warning: `h' float specifier changed to `ht'.

[9] [10 <./Figures/DataTier.png>]
Underfull \hbox (badness 10000) in paragraph at lines 116--121

 []


Underfull \hbox (badness 10000) in paragraph at lines 124--125

 []


Overfull \hbox (12.74385pt too wide) in paragraph at lines 129--130
[]\T1/ppl/m/it/12 Client in-ter-face. \T1/ppl/m/n/12 The han-dler im-ple-ments 
the com-mon in-ter-faces of the clients[][][]
 []


Underfull \hbox (badness 10000) in paragraph at lines 132--133

 []

[11

]
Underfull \hbox (badness 10000) in paragraph at lines 135--136

 []


<Figures/component/ClientAndUsersHandler.png, id=442, 747.79375pt x 443.6575pt>
File: Figures/component/ClientAndUsersHandler.png Graphic file (type png)
<use Figures/component/ClientAndUsersHandler.png>
Package pdftex.def Info: Figures/component/ClientAndUsersHandler.png used on in
put line 139.
(pdftex.def)             Requested size: 418.25368pt x 248.14864pt.

Underfull \hbox (badness 10000) in paragraph at lines 144--149

 []

[12 <./Figures/component/ClientAndUsersHandler.png>]
<Figures/component/RideAllocator.png, id=454, 611.28375pt x 419.5675pt>
File: Figures/component/RideAllocator.png Graphic file (type png)

<use Figures/component/RideAllocator.png>
Package pdftex.def Info: Figures/component/RideAllocator.png used on input line
 152.
(pdftex.def)             Requested size: 313.69025pt x 215.30821pt.
 [13 <./Figures/component/RideAllocator.png>]
<Figures/component/SystemController.png, id=465, 636.3775pt x 427.5975pt>
File: Figures/component/SystemController.png Graphic file (type png)

<use Figures/component/SystemController.png>
Package pdftex.def Info: Figures/component/SystemController.png used on input l
ine 167.
(pdftex.def)             Requested size: 418.25368pt x 281.03426pt.

Underfull \hbox (badness 10000) in paragraph at lines 177--179

 []

[14]
Underfull \hbox (badness 10000) in paragraph at lines 179--180

 []


Underfull \hbox (badness 10000) in paragraph at lines 181--183

 []

[15 <./Figures/component/SystemController.png>]
Underfull \hbox (badness 10000) in paragraph at lines 184--185

 []


Underfull \hbox (badness 10000) in paragraph at lines 193--195

 []


Underfull \hbox (badness 10000) in paragraph at lines 197--198

 []

[16]
Underfull \hbox (badness 10000) in paragraph at lines 198--199

 []


Underfull \hbox (badness 10000) in paragraph at lines 199--200

 []

<Figures/DeploymentDiagram.png, id=492, 860.21375pt x 587.19376pt>
File: Figures/DeploymentDiagram.png Graphic file (type png)

<use Figures/DeploymentDiagram.png>
Package pdftex.def Info: Figures/DeploymentDiagram.png used on input line 206.
(pdftex.def)             Requested size: 418.25368pt x 285.50542pt.
 [17 <./Figures/DeploymentDiagram.png>]
Underfull \hbox (badness 10000) in paragraph at lines 217--224

 []


Underfull \hbox (badness 10000) in paragraph at lines 217--224

 []

[18] <Figures/runtime/UX_StartingPage.png, id=511, 744.7825pt x 569.12625pt>
File: Figures/runtime/UX_StartingPage.png Graphic file (type png)

<use Figures/runtime/UX_StartingPage.png>
Package pdftex.def Info: Figures/runtime/UX_StartingPage.png used on input line
 236.
(pdftex.def)             Requested size: 418.25368pt x 319.62036pt.
 [19 <./Figures/runtime/UX_StartingPage.png>]
<Figures/runtime/UX_ProfileManagement.png, id=518, 484.81125pt x 565.11125pt>
File: Figures/runtime/UX_ProfileManagement.png Graphic file (type png)

<use Figures/runtime/UX_ProfileManagement.png>
Package pdftex.def Info: Figures/runtime/UX_ProfileManagement.png used on input
 line 248.
(pdftex.def)             Requested size: 418.25368pt x 487.55556pt.
 [20

 <./Figures/runtime/UX_ProfileManagement.png>]
<Figures/runtime/UX_Ride.png, id=526, 806.01125pt x 785.93625pt>
File: Figures/runtime/UX_Ride.png Graphic file (type png)

<use Figures/runtime/UX_Ride.png>
Package pdftex.def Info: Figures/runtime/UX_Ride.png used on input line 260.
(pdftex.def)             Requested size: 418.25368pt x 407.83774pt.
 [21

 <./Figures/runtime/UX_Ride.png>]
<Figures/runtime/UX_CheckReservation.png, id=533, 703.62875pt x 381.425pt>
File: Figures/runtime/UX_CheckReservation.png Graphic file (type png)

<use Figures/runtime/UX_CheckReservation.png>
Package pdftex.def Info: Figures/runtime/UX_CheckReservation.png used on input 
line 273.
(pdftex.def)             Requested size: 418.25368pt x 226.72661pt.

<Figures/runtime/UX_Driver.png, id=534, 814.04124pt x 384.43625pt>
File: Figures/runtime/UX_Driver.png Graphic file (type png)

<use Figures/runtime/UX_Driver.png>
Package pdftex.def Info: Figures/runtime/UX_Driver.png used on input line 285.
(pdftex.def)             Requested size: 418.25368pt x 197.52052pt.
 [22

 <./Figures/runtime/UX_CheckReservation.png> <./Figures/runtime/UX_Driver.png>]

Underfull \hbox (badness 10000) in paragraph at lines 294--295

 []

<Figures/runtime/SD_Registration.png, id=543, 912.40875pt x 639.38875pt>
File: Figures/runtime/SD_Registration.png Graphic file (type png)

<use Figures/runtime/SD_Registration.png>
Package pdftex.def Info: Figures/runtime/SD_Registration.png used on input line
 302.
(pdftex.def)             Requested size: 418.25368pt x 293.09798pt.
 [23

 <./Figures/runtime/SD_Registration.png>] <Figures/runtime/SD_Login.png, id=549
, 856.19875pt x 486.81876pt>
File: Figures/runtime/SD_Login.png Graphic file (type png)

<use Figures/runtime/SD_Login.png>
Package pdftex.def Info: Figures/runtime/SD_Login.png used on input line 314.
(pdftex.def)             Requested size: 313.69025pt x 178.35962pt.

<Figures/runtime/SD_ProfileManagement.png, id=550, 880.28876pt x 534.99875pt>
File: Figures/runtime/SD_ProfileManagement.png Graphic file (type png)

<use Figures/runtime/SD_ProfileManagement.png>
Package pdftex.def Info: Figures/runtime/SD_ProfileManagement.png used on input
 line 326.
(pdftex.def)             Requested size: 355.51817pt x 216.06105pt.
 [24

 <./Figures/runtime/SD_Login.png> <./Figures/runtime/SD_ProfileManagement.png>]

<Figures/runtime/SD_CheckTheReservations.png, id=559, 936.49875pt x 471.7625pt>
File: Figures/runtime/SD_CheckTheReservations.png Graphic file (type png)
<use Figures/runtime/SD_CheckTheReservations.png>
Package pdftex.def Info: Figures/runtime/SD_CheckTheReservations.png used on in
put line 339.
(pdftex.def)             Requested size: 376.42575pt x 189.63025pt.

<Figures/runtime/SD_StartWaitingTime.png, id=560, 799.98875pt x 462.72874pt>
File: Figures/runtime/SD_StartWaitingTime.png Graphic file (type png)

<use Figures/runtime/SD_StartWaitingTime.png>
Package pdftex.def Info: Figures/runtime/SD_StartWaitingTime.png used on input 
line 351.
(pdftex.def)             Requested size: 376.42575pt x 217.73672pt.
 [25

 <./Figures/runtime/SD_CheckTheReservations.png> <./Figures/runtime/SD_StartWai
tingTime.png>]
<Figures/runtime/SD_WorkshiftsManagement.png, id=569, 907.39pt x 486.81876pt>
File: Figures/runtime/SD_WorkshiftsManagement.png Graphic file (type png)

<use Figures/runtime/SD_WorkshiftsManagement.png>
Package pdftex.def Info: Figures/runtime/SD_WorkshiftsManagement.png used on in
put line 363.
(pdftex.def)             Requested size: 355.51817pt x 190.73508pt.

<Figures/runtime/SD_FutureRideBooking.png, id=570, 944.52875pt x 519.9425pt>
File: Figures/runtime/SD_FutureRideBooking.png Graphic file (type png)

<use Figures/runtime/SD_FutureRideBooking.png>
Package pdftex.def Info: Figures/runtime/SD_FutureRideBooking.png used on input
 line 375.
(pdftex.def)             Requested size: 376.42575pt x 207.21962pt.
 [26

 <./Figures/runtime/SD_WorkshiftsManagement.png> <./Figures/runtime/SD_FutureRi
deBooking.png>]
<Figures/runtime/SD_ZerotimeRide.png, id=581, 944.52875pt x 816.04875pt>
File: Figures/runtime/SD_ZerotimeRide.png Graphic file (type png)

<use Figures/runtime/SD_ZerotimeRide.png>
Package pdftex.def Info: Figures/runtime/SD_ZerotimeRide.png used on input line
 388.
(pdftex.def)             Requested size: 418.25368pt x 361.36617pt.
 [27

 <./Figures/runtime/SD_ZerotimeRide.png>]
Underfull \hbox (badness 10000) in paragraph at lines 412--415

 []


Underfull \hbox (badness 10000) in paragraph at lines 423--426

 []

[28] [29]
Overfull \hbox (10.2867pt too wide) in paragraph at lines 455--458
\T1/ppl/m/n/12 String pa-ram-e-ter con-tains the old pass-word en-crypted with 
the method
 []

[30]
Overfull \hbox (4.6346pt too wide) in paragraph at lines 482--484
\T1/ppl/m/n/12 sec-ond pa-ram-e-ter is the boolean value rep-re-sent-ing the de
-sired choice,
 []


Underfull \hbox (badness 10000) in paragraph at lines 491--493

 []

[31]
Underfull \hbox (badness 10000) in paragraph at lines 498--500

 []


Underfull \hbox (badness 10000) in paragraph at lines 506--508

 []

[32]
Underfull \hbox (badness 10000) in paragraph at lines 525--528

 []


Overfull \hbox (20.06502pt too wide) in paragraph at lines 537--540
\T1/ppl/m/n/12 pat-terns com-bined, Model-View-Controller (also called MVC) and
 Service-Oriented
 []

[33]
Underfull \hbox (badness 10000) in paragraph at lines 547--548

 []

[34]
Underfull \hbox (badness 10000) in paragraph at lines 557--565

 []


Underfull \hbox (badness 10000) in paragraph at lines 557--565

 []

[35]) (./Chapters/chapter3_AlgorithmDesign.tex [36]
Chapter 3.

Overfull \hbox (0.83846pt too wide) in paragraph at lines 13--18
[]\T1/ppl/m/n/12 In this chap-ter the most in-ter-est-ing al-go-rithm of my-Tax
iS-er-vice are pre-sented
 []


Underfull \hbox (badness 10000) in paragraph at lines 13--18

 []


Underfull \hbox (badness 10000) in paragraph at lines 20--21

 []

[37

]
Underfull \hbox (badness 10000) in paragraph at lines 59--62

 []


Underfull \hbox (badness 10000) in paragraph at lines 59--62

 []

[38]
Underfull \hbox (badness 10000) in paragraph at lines 70--71

 []


Underfull \hbox (badness 10000) in paragraph at lines 72--76

 []

[39]

LaTeX Warning: Command \textgreater invalid in math mode on input line 79.


Underfull \hbox (badness 10000) in paragraph at lines 82--83

 []


Underfull \hbox (badness 10000) in paragraph at lines 97--100

 []


Underfull \hbox (badness 10000) in paragraph at lines 115--115

 []


Underfull \hbox (badness 10000) in paragraph at lines 115--116

 []

[40]
Underfull \hbox (badness 10000) in paragraph at lines 123--125

 []


Underfull \hbox (badness 10000) in paragraph at lines 129--130

 []

[41]
Underfull \hbox (badness 10000) in paragraph at lines 131--134

 []


Underfull \hbox (badness 10000) in paragraph at lines 138--140

 []


Underfull \hbox (badness 10000) in paragraph at lines 148--149

 []

[42]
Underfull \hbox (badness 10000) in paragraph at lines 150--151

 []


Underfull \hbox (badness 10000) in paragraph at lines 158--159

 []


Underfull \hbox (badness 10000) in paragraph at lines 163--167

 []

[43]
Underfull \hbox (badness 10000) in paragraph at lines 181--182

 []

[44]
Underfull \hbox (badness 10000) in paragraph at lines 188--192

 []

[45]) (./Chapters/chapter4_UIDesign.tex [46]
Chapter 4.

Overfull \hbox (2.32703pt too wide) in paragraph at lines 13--14
[]\T1/ppl/m/n/12 In this chap-ter are shown the main [][]mock-ups[] of my-TaxiS
-er-vice, due to present
 []


Underfull \hbox (badness 10000) in paragraph at lines 13--14

 []


Underfull \hbox (badness 10000) in paragraph at lines 17--20

 []

[47

] <Figures/mockups/Login_WS.png, id=703, 433.62pt x 401.5pt>
File: Figures/mockups/Login_WS.png Graphic file (type png)

<use Figures/mockups/Login_WS.png>
Package pdftex.def Info: Figures/mockups/Login_WS.png used on input line 27.
(pdftex.def)             Requested size: 188.21288pt x 174.27124pt.

<Figures/mockups/Login_MA.png, id=704, 283.0575pt x 575.14874pt>
File: Figures/mockups/Login_MA.png Graphic file (type png)

<use Figures/mockups/Login_MA.png>
Package pdftex.def Info: Figures/mockups/Login_MA.png used on input line 34.
(pdftex.def)             Requested size: 112.0246pt x 227.62204pt.

Underfull \hbox (badness 10000) in paragraph at lines 40--41

 []

<Figures/mockups/Registration_WS.png, id=710, 492.84125pt x 566.115pt>
File: Figures/mockups/Registration_WS.png Graphic file (type png)

<use Figures/mockups/Registration_WS.png>
Package pdftex.def Info: Figures/mockups/Registration_WS.png used on input line
 46.
(pdftex.def)             Requested size: 188.21288pt x 216.19707pt.

<Figures/mockups/Registration_MA.png, id=711, 305.14pt x 620.3175pt>
File: Figures/mockups/Registration_MA.png Graphic file (type png)

<use Figures/mockups/Registration_MA.png>
Package pdftex.def Info: Figures/mockups/Registration_MA.png used on input line
 53.
(pdftex.def)             Requested size: 111.96881pt x 227.62204pt.

<Figures/mockups/ManagePersonalInformation_WS.png, id=714, 492.84125pt x 671.50
874pt>
File: Figures/mockups/ManagePersonalInformation_WS.png Graphic file (type png)
 <use Figures/mockups/ManagePersonalInformation_WS.png>
Package pdftex.def Info: Figures/mockups/ManagePersonalInformation_WS.png used 
on input line 68.
(pdftex.def)             Requested size: 188.21288pt x 256.44652pt.

<Figures/mockups/ManagePersonalInformation_MA.png, id=715, 359.3425pt x 730.73p
t>
File: Figures/mockups/ManagePersonalInformation_MA.png Graphic file (type png)
 <use Figures/mockups/ManagePersonalInformation_MA.png>
Package pdftex.def Info: Figures/mockups/ManagePersonalInformation_MA.png used 
on input line 75.
(pdftex.def)             Requested size: 125.92528pt x 256.0748pt.
 [48

 <./Figures/mockups/Login_WS.png> <./Figures/mockups/Login_MA.png>]

LaTeX Warning: Text page 49 contains only floats.

[49 <./Figures/mockups/Registration_WS.png> <./Figures/mockups/Registration_MA.
png> <./Figures/mockups/ManagePersonalInformation_WS.png> <./Figures/mockups/Ma
nagePersonalInformation_MA.png>]
Underfull \hbox (badness 10000) in paragraph at lines 85--86

 []

<Figures/mockups/StartWaitingTime.png, id=733, 283.0575pt x 575.14874pt>
File: Figures/mockups/StartWaitingTime.png Graphic file (type png)

<use Figures/mockups/StartWaitingTime.png>
Package pdftex.def Info: Figures/mockups/StartWaitingTime.png used on input lin
e 91.
(pdftex.def)             Requested size: 126.02713pt x 256.0748pt.

<Figures/mockups/AcceptDenyRide.png, id=734, 283.0575pt x 575.14874pt>
File: Figures/mockups/AcceptDenyRide.png Graphic file (type png)

<use Figures/mockups/AcceptDenyRide.png>
Package pdftex.def Info: Figures/mockups/AcceptDenyRide.png used on input line 
98.
(pdftex.def)             Requested size: 126.02713pt x 256.0748pt.

Underfull \hbox (badness 10000) in paragraph at lines 104--108

 []


Underfull \hbox (badness 10000) in paragraph at lines 104--108

 []


Underfull \hbox (badness 10000) in paragraph at lines 104--108

 []

<Figures/mockups/WorkShiftsManagement.png, id=737, 305.14pt x 620.3175pt>
File: Figures/mockups/WorkShiftsManagement.png Graphic file (type png)

<use Figures/mockups/WorkShiftsManagement.png>
Package pdftex.def Info: Figures/mockups/WorkShiftsManagement.png used on input
 line 111.
(pdftex.def)             Requested size: 111.96881pt x 227.62204pt.
 [50

 <./Figures/mockups/StartWaitingTime.png> <./Figures/mockups/AcceptDenyRide.png
>]
<Figures/mockups/AskForZerotimeRide_MA_1.png, id=752, 283.0575pt x 575.14874pt>
File: Figures/mockups/AskForZerotimeRide_MA_1.png Graphic file (type png)
<use Figures/mockups/AskForZerotimeRide_MA_1.png>
Package pdftex.def Info: Figures/mockups/AskForZerotimeRide_MA_1.png used on in
put line 125.
(pdftex.def)             Requested size: 112.0246pt x 227.62204pt.

<Figures/mockups/AskForZerotimeRide_MA_2.png, id=753, 283.0575pt x 575.14874pt>
File: Figures/mockups/AskForZerotimeRide_MA_2.png Graphic file (type png)
<use Figures/mockups/AskForZerotimeRide_MA_2.png>
Package pdftex.def Info: Figures/mockups/AskForZerotimeRide_MA_2.png used on in
put line 132.
(pdftex.def)             Requested size: 112.0246pt x 227.62204pt.

<Figures/mockups/AskForZerotimeRide_MA_3.png, id=754, 283.0575pt x 575.14874pt>
File: Figures/mockups/AskForZerotimeRide_MA_3.png Graphic file (type png)
<use Figures/mockups/AskForZerotimeRide_MA_3.png>
Package pdftex.def Info: Figures/mockups/AskForZerotimeRide_MA_3.png used on in
put line 142.
(pdftex.def)             Requested size: 119.02586pt x 241.84842pt.

Underfull \hbox (badness 2680) in paragraph at lines 143--143
[]\T1/ppl/m/n/10 Figure 4.12: |Ze-ro-time ride re-quest
 []

<Figures/mockups/AskForZerotimeRide_WS.png, id=755, 447.6725pt x 951.555pt>
File: Figures/mockups/AskForZerotimeRide_WS.png Graphic file (type png)

<use Figures/mockups/AskForZerotimeRide_WS.png>
Package pdftex.def Info: Figures/mockups/AskForZerotimeRide_WS.png used on inpu
t line 149.
(pdftex.def)             Requested size: 113.77585pt x 241.84842pt.
 [51 <./Figures/mockups/WorkShiftsManagement.png>] [52 <./Figures/mockups/AskFo
rZerotimeRide_MA_1.png> <./Figures/mockups/AskForZerotimeRide_MA_2.png> <./Figu
res/mockups/AskForZerotimeRide_MA_3.png> <./Figures/mockups/AskForZerotimeRide_
WS.png>]
Underfull \hbox (badness 10000) in paragraph at lines 159--162

 []

<Figures/mockups/BookFutureRide_MA_1.png, id=779, 283.0575pt x 575.14874pt>
File: Figures/mockups/BookFutureRide_MA_1.png Graphic file (type png)

<use Figures/mockups/BookFutureRide_MA_1.png>
Package pdftex.def Info: Figures/mockups/BookFutureRide_MA_1.png used on input 
line 167.
(pdftex.def)             Requested size: 126.02713pt x 256.0748pt.

<Figures/mockups/BookFutureRide_MA_2.png, id=780, 283.0575pt x 575.14874pt>
File: Figures/mockups/BookFutureRide_MA_2.png Graphic file (type png)

<use Figures/mockups/BookFutureRide_MA_2.png>
Package pdftex.def Info: Figures/mockups/BookFutureRide_MA_2.png used on input 
line 174.
(pdftex.def)             Requested size: 126.02713pt x 256.0748pt.

<Figures/mockups/BookFutureRide_MA_3.png, id=781, 283.0575pt x 575.14874pt>
File: Figures/mockups/BookFutureRide_MA_3.png Graphic file (type png)

<use Figures/mockups/BookFutureRide_MA_3.png>
Package pdftex.def Info: Figures/mockups/BookFutureRide_MA_3.png used on input 
line 184.
(pdftex.def)             Requested size: 126.02713pt x 256.0748pt.

Underfull \hbox (badness 10000) in paragraph at lines 185--185
\T1/ppl/m/n/10 mo-bile ap-pli-ca-tion: con-fir-ma-tion
 []

<Figures/mockups/BookFutureRide_WS.png, id=782, 447.6725pt x 979.66pt>
File: Figures/mockups/BookFutureRide_WS.png Graphic file (type png)

<use Figures/mockups/BookFutureRide_WS.png>
Package pdftex.def Info: Figures/mockups/BookFutureRide_WS.png used on input li
ne 191.
(pdftex.def)             Requested size: 117.01372pt x 256.0748pt.

Underfull \hbox (badness 10000) in paragraph at lines 199--201

 []

[53

 <./Figures/mockups/BookFutureRide_MA_1.png> <./Figures/mockups/BookFutureRide_
MA_2.png>] [54 <./Figures/mockups/BookFutureRide_MA_3.png> <./Figures/mockups/B
ookFutureRide_WS.png>]
<Figures/mockups/CheckReservations_MA_1.png, id=799, 283.0575pt x 575.14874pt>
File: Figures/mockups/CheckReservations_MA_1.png Graphic file (type png)

<use Figures/mockups/CheckReservations_MA_1.png>
Package pdftex.def Info: Figures/mockups/CheckReservations_MA_1.png used on inp
ut line 208.
(pdftex.def)             Requested size: 112.0246pt x 227.62204pt.

Underfull \hbox (badness 2027) in paragraph at lines 209--209
[]\T1/ppl/m/n/10 Figure 4.18: |The view reser-va-tions
 []


<Figures/mockups/CheckReservations_MA_2.png, id=800, 283.0575pt x 575.14874pt>
File: Figures/mockups/CheckReservations_MA_2.png Graphic file (type png)

<use Figures/mockups/CheckReservations_MA_2.png>
Package pdftex.def Info: Figures/mockups/CheckReservations_MA_2.png used on inp
ut line 215.
(pdftex.def)             Requested size: 112.0246pt x 227.62204pt.

<Figures/mockups/CheckReservations_WS.png, id=803, 475.7775pt x 607.26875pt>
File: Figures/mockups/CheckReservations_WS.png Graphic file (type png)

<use Figures/mockups/CheckReservations_WS.png>
Package pdftex.def Info: Figures/mockups/CheckReservations_WS.png used on input
 line 225.
(pdftex.def)             Requested size: 167.18524pt x 213.39566pt.
 [55

 <./Figures/mockups/CheckReservations_MA_1.png> <./Figures/mockups/CheckReserva
tions_MA_2.png> <./Figures/mockups/CheckReservations_WS.png>]
<Figures/mockups/ReadAlerts_MA.png, id=815, 283.0575pt x 575.14874pt>
File: Figures/mockups/ReadAlerts_MA.png Graphic file (type png)

<use Figures/mockups/ReadAlerts_MA.png>
Package pdftex.def Info: Figures/mockups/ReadAlerts_MA.png used on input line 2
39.
(pdftex.def)             Requested size: 98.01773pt x 199.16928pt.

<Figures/mockups/ReadAlerts_WS.png, id=816, 451.6875pt x 369.38pt>
File: Figures/mockups/ReadAlerts_WS.png Graphic file (type png)

<use Figures/mockups/ReadAlerts_WS.png>
Package pdftex.def Info: Figures/mockups/ReadAlerts_WS.png used on input line 2
46.
(pdftex.def)             Requested size: 167.2989pt x 136.815pt.
)
(./Chapters/chapter5_RequirementsTraceability.tex [56

 <./Figures/mockups/ReadAlerts_MA.png> <./Figures/mockups/ReadAlerts_WS.png>]
Chapter 5.
[57

] [58] [59]) (./Chapters/OtherInfo.tex [60]
Chapter 6.
[61

]) 
AED: lastpage setting LastPage
[62

]
Package atveryend Info: Empty hook `BeforeClearDocument' on input line 125.
Package atveryend Info: Empty hook `AfterLastShipout' on input line 125.
 (./main.aux)
Package atveryend Info: Executing hook `AtVeryEndDocument' on input line 125.
Package atveryend Info: Executing hook `AtEndAfterFileList' on input line 125.
Package rerunfilecheck Info: File `main.out' has not changed.
(rerunfilecheck)             Checksum: DEADA5E87D2B23D1B083E8EDB6DC1D8E;3020.
Package atveryend Info: Empty hook `AtVeryVeryEnd' on input line 125.
 ) 
Here is how much of TeX's memory you used:
 16225 strings out of 493089
 248731 string characters out of 6134841
 509528 words of memory out of 5000000
 19139 multiletter control sequences out of 15000+600000
 40418 words of font info for 66 fonts, out of 8000000 for 9000
 1141 hyphenation exceptions out of 8191
 48i,11n,76p,1819b,922s stack positions out of 5000i,500n,10000p,200000b,80000s
pdfTeX warning (dest): name{subsection.3.2.12} has been referenced but does n
ot exist, replaced by a fixed one

pdfTeX warning (dest): name{subsection.3.2.11} has been referenced but does not
 exist, replaced by a fixed one

pdfTeX warning (dest): name{subsection.3.2.10} has been referenced but does not
 exist, replaced by a fixed one

pdfTeX warning (dest): name{subsection.3.2.9} has been referenced but does not 
exist, replaced by a fixed one

pdfTeX warning (dest): name{subsection.3.2.8} has been referenced but does not 
exist, replaced by a fixed one

pdfTeX warning (dest): name{subsection.3.2.7} has been referenced but does not 
exist, replaced by a fixed one

pdfTeX warning (dest): name{subsection.3.2.6} has been referenced but does not 
exist, replaced by a fixed one

pdfTeX warning (dest): name{subsection.3.2.5} has been referenced but does not 
exist, replaced by a fixed one

pdfTeX warning (dest): name{subsection.3.2.4} has been referenced but does not 
exist, replaced by a fixed one

pdfTeX warning (dest): name{subsection.3.2.3} has been referenced but does not 
exist, replaced by a fixed one

{/usr/local/texlive/2015/texmf-dist/fonts/enc/dvips/base/8r.enc}</usr/local/tex
live/2015/texmf-dist/fonts/type1/public/amsfonts/cm/cmmi12.pfb></usr/local/texl
ive/2015/texmf-dist/fonts/type1/public/amsfonts/cm/cmr12.pfb></usr/local/texliv
e/2015/texmf-dist/fonts/type1/public/amsfonts/cm/cmsy10.pfb></usr/local/texlive
/2015/texmf-dist/fonts/type1/urw/helvetic/uhvr8a.pfb></usr/local/texlive/2015/t
exmf-dist/fonts/type1/urw/palatino/uplb8a.pfb></usr/local/texlive/2015/texmf-di
st/fonts/type1/urw/palatino/uplr8a.pfb></usr/local/texlive/2015/texmf-dist/font
s/type1/urw/palatino/uplri8a.pfb>
Output written on main.pdf (67 pages, 1621820 bytes).
PDF statistics:
 990 PDF objects out of 1000 (max. 8388607)
 821 compressed objects within 9 object streams
 193 named destinations out of 1000 (max. 500000)
 584 words of extra memory for PDF output out of 10000 (max. 10000000)

