\BOOKMARK [0][-]{chapter.1}{Introduction}{}% 1
\BOOKMARK [1][-]{section.1.1}{Purpose}{chapter.1}% 2
\BOOKMARK [1][-]{section.1.2}{Scope}{chapter.1}% 3
\BOOKMARK [1][-]{section.1.3}{Definitions, Acronyms, Abbreviations}{chapter.1}% 4
\BOOKMARK [1][-]{section.1.4}{Document Structure}{chapter.1}% 5
\BOOKMARK [0][-]{chapter.2}{Architectural Design}{}% 6
\BOOKMARK [1][-]{section.2.1}{Distinctions between various kind of Users and Clients}{chapter.2}% 7
\BOOKMARK [1][-]{section.2.2}{High level components and their interaction}{chapter.2}% 8
\BOOKMARK [1][-]{section.2.3}{Component view}{chapter.2}% 9
\BOOKMARK [2][-]{subsection.2.3.1}{Data tier}{section.2.3}% 10
\BOOKMARK [2][-]{subsection.2.3.2}{Presentation tier}{section.2.3}% 11
\BOOKMARK [1][-]{section.2.4}{Deployment view}{chapter.2}% 12
\BOOKMARK [1][-]{section.2.5}{Runtime view}{chapter.2}% 13
\BOOKMARK [2][-]{subsection.2.5.1}{UX Diagram}{section.2.5}% 14
\BOOKMARK [2][-]{subsection.2.5.2}{Sequence Diagram}{section.2.5}% 15
\BOOKMARK [1][-]{section.2.6}{Component Interfaces}{chapter.2}% 16
\BOOKMARK [1][-]{section.2.7}{Selected architectural styles and patterns}{chapter.2}% 17
\BOOKMARK [0][-]{chapter.3}{User Interfaces Design}{}% 18
\BOOKMARK [1][-]{section.3.1}{Registration/Login}{chapter.3}% 19
\BOOKMARK [0][-]{chapter.4}{Other Info}{}% 20
\BOOKMARK [1][-]{section.4.1}{Working hours}{chapter.4}% 21
\BOOKMARK [1][-]{section.4.2}{Tools}{chapter.4}% 22
