\BOOKMARK [0][-]{chapter.1}{Introduction}{}% 1
\BOOKMARK [1][-]{section.1.1}{Purpose}{chapter.1}% 2
\BOOKMARK [1][-]{section.1.2}{List of Definitions and Abbreviations}{chapter.1}% 3
\BOOKMARK [1][-]{section.1.3}{List of Reference Documents}{chapter.1}% 4
\BOOKMARK [1][-]{section.1.4}{Overall Description}{chapter.1}% 5
\BOOKMARK [0][-]{chapter.2}{Project Estimations}{}% 6
\BOOKMARK [1][-]{section.2.1}{Project Size \(Function Points\)}{chapter.2}% 7
\BOOKMARK [2][-]{subsection.2.1.1}{Internal Logic Files}{section.2.1}% 8
\BOOKMARK [2][-]{subsection.2.1.2}{External Logic Files}{section.2.1}% 9
\BOOKMARK [2][-]{subsection.2.1.3}{External Inputs}{section.2.1}% 10
\BOOKMARK [2][-]{subsection.2.1.4}{External Inquiries}{section.2.1}% 11
\BOOKMARK [2][-]{subsection.2.1.5}{External Outputs}{section.2.1}% 12
\BOOKMARK [2][-]{subsection.2.1.6}{Final Results}{section.2.1}% 13
\BOOKMARK [1][-]{section.2.2}{Effort Estimation \(COCOMO II\)}{chapter.2}% 14
\BOOKMARK [2][-]{subsection.2.2.1}{Scale Drivers}{section.2.2}% 15
\BOOKMARK [2][-]{subsection.2.2.2}{Cost Drivers}{section.2.2}% 16
\BOOKMARK [2][-]{subsection.2.2.3}{Effort Estimation Results}{section.2.2}% 17
\BOOKMARK [0][-]{chapter.3}{Project Schedule}{}% 18
\BOOKMARK [0][-]{chapter.4}{Project Risks}{}% 19
\BOOKMARK [1][-]{section.4.1}{Taxi Position Identification}{chapter.4}% 20
\BOOKMARK [1][-]{section.4.2}{Internet connection}{chapter.4}% 21
\BOOKMARK [1][-]{section.4.3}{Taxi accidents}{chapter.4}% 22
\BOOKMARK [0][-]{chapter.5}{Other Info}{}% 23
\BOOKMARK [1][-]{section.5.1}{Working hours}{chapter.5}% 24
\BOOKMARK [1][-]{section.5.2}{Tools}{chapter.5}% 25
