\BOOKMARK [0][-]{chapter.1}{Introduction}{}% 1
\BOOKMARK [1][-]{section.1.1}{Purpose}{chapter.1}% 2
\BOOKMARK [1][-]{section.1.2}{Scope}{chapter.1}% 3
\BOOKMARK [1][-]{section.1.3}{Stakeholders}{chapter.1}% 4
\BOOKMARK [1][-]{section.1.4}{Glossary}{chapter.1}% 5
\BOOKMARK [0][-]{chapter.2}{Overall Description}{}% 6
\BOOKMARK [1][-]{section.2.1}{User Characteristics}{chapter.2}% 7
\BOOKMARK [1][-]{section.2.2}{Domain Assumption}{chapter.2}% 8
\BOOKMARK [1][-]{section.2.3}{Constraints and General Assumption}{chapter.2}% 9
\BOOKMARK [1][-]{section.2.4}{Actors and Functionalities}{chapter.2}% 10
\BOOKMARK [1][-]{section.2.5}{Non Functional Requirements}{chapter.2}% 11
\BOOKMARK [0][-]{chapter.3}{Functional Requirements and Scenarios}{}% 12
\BOOKMARK [1][-]{section.3.1}{Scenarios Natural Language Description}{chapter.3}% 13
\BOOKMARK [2][-]{subsection.3.1.1}{System Registration}{section.3.1}% 14
\BOOKMARK [2][-]{subsection.3.1.2}{Log in}{section.3.1}% 15
\BOOKMARK [2][-]{subsection.3.1.3}{Manage personal information}{section.3.1}% 16
\BOOKMARK [2][-]{subsection.3.1.4}{Management of work shifts}{section.3.1}% 17
\BOOKMARK [2][-]{subsection.3.1.5}{Start waiting time}{section.3.1}% 18
\BOOKMARK [2][-]{subsection.3.1.6}{Ask for a zerotime ride}{section.3.1}% 19
\BOOKMARK [2][-]{subsection.3.1.7}{End of a ride}{section.3.1}% 20
\BOOKMARK [2][-]{subsection.3.1.8}{Book a future ride}{section.3.1}% 21
\BOOKMARK [2][-]{subsection.3.1.9}{Check the reservations}{section.3.1}% 22
\BOOKMARK [2][-]{subsection.3.1.10}{Read the alerts}{section.3.1}% 23
\BOOKMARK [1][-]{section.3.2}{Functional Requirements Scheme Description}{chapter.3}% 24
\BOOKMARK [2][-]{subsection.3.2.1}{Use Case Diagram}{section.3.2}% 25
\BOOKMARK [2][-]{subsection.3.2.2}{UML Class Diagram}{section.3.2}% 26
\BOOKMARK [2][-]{subsection.3.2.3}{Registration}{section.3.2}% 27
\BOOKMARK [2][-]{subsection.3.2.4}{Login}{section.3.2}% 28
\BOOKMARK [2][-]{subsection.3.2.5}{Personal Information Management}{section.3.2}% 29
\BOOKMARK [2][-]{subsection.3.2.6}{Zerotime reservation \(MA version\)}{section.3.2}% 30
\BOOKMARK [2][-]{subsection.3.2.7}{Zerotime reservation \(WS version\)}{section.3.2}% 31
\BOOKMARK [2][-]{subsection.3.2.8}{Future reservation}{section.3.2}% 32
\BOOKMARK [2][-]{subsection.3.2.9}{Start waiting time}{section.3.2}% 33
\BOOKMARK [2][-]{subsection.3.2.10}{Work shifts management}{section.3.2}% 34
\BOOKMARK [2][-]{subsection.3.2.11}{Check the reservations}{section.3.2}% 35
\BOOKMARK [2][-]{subsection.3.2.12}{Read the alerts}{section.3.2}% 36
\BOOKMARK [1][-]{section.3.3}{Entities Behaviour}{chapter.3}% 37
\BOOKMARK [2][-]{subsection.3.3.1}{Zerotime Ride Class}{section.3.3}% 38
\BOOKMARK [2][-]{subsection.3.3.2}{Future Ride Class}{section.3.3}% 39
\BOOKMARK [0][-]{chapter.4}{Other info}{}% 40
\BOOKMARK [1][-]{section.4.1}{Working hours}{chapter.4}% 41
\BOOKMARK [1][-]{section.4.2}{Tools}{chapter.4}% 42
